  ship.cpp
c:\users\ben\google drive\cs 165\asteroids\asteroids program\asteroids\ship.h(33): warning C4244: 'argument': conversion from 'double' to 'float', possible loss of data
c:\users\ben\google drive\cs 165\asteroids\asteroids program\asteroids\ship.h(34): warning C4244: 'argument': conversion from 'double' to 'float', possible loss of data
c:\users\ben\google drive\cs 165\asteroids\asteroids program\asteroids\ship.h(79): warning C4244: 'argument': conversion from 'double' to 'int', possible loss of data
  game.cpp
c:\users\ben\google drive\cs 165\asteroids\asteroids program\asteroids\rocks.h(24): warning C4244: 'argument': conversion from 'int' to 'float', possible loss of data
c:\users\ben\google drive\cs 165\asteroids\asteroids program\asteroids\rocks.h(25): warning C4244: 'argument': conversion from 'int' to 'float', possible loss of data
c:\users\ben\google drive\cs 165\asteroids\asteroids program\asteroids\rocks.h(60): warning C4244: 'argument': conversion from 'double' to 'int', possible loss of data
c:\users\ben\google drive\cs 165\asteroids\asteroids program\asteroids\rocks.h(77): warning C4244: 'argument': conversion from 'double' to 'int', possible loss of data
c:\users\ben\google drive\cs 165\asteroids\asteroids program\asteroids\rocks.h(93): warning C4244: 'argument': conversion from 'double' to 'int', possible loss of data
c:\users\ben\google drive\cs 165\asteroids\asteroids program\asteroids\ship.h(33): warning C4244: 'argument': conversion from 'double' to 'float', possible loss of data
c:\users\ben\google drive\cs 165\asteroids\asteroids program\asteroids\ship.h(34): warning C4244: 'argument': conversion from 'double' to 'float', possible loss of data
c:\users\ben\google drive\cs 165\asteroids\asteroids program\asteroids\ship.h(79): warning C4244: 'argument': conversion from 'double' to 'int', possible loss of data
c:\users\ben\google drive\cs 165\asteroids\asteroids program\asteroids\game.cpp(55): warning C4018: '<': signed/unsigned mismatch
c:\users\ben\google drive\cs 165\asteroids\asteroids program\asteroids\game.cpp(57): warning C4018: '<': signed/unsigned mismatch
c:\users\ben\google drive\cs 165\asteroids\asteroids program\asteroids\game.cpp(64): warning C4018: '<': signed/unsigned mismatch
c:\users\ben\google drive\cs 165\asteroids\asteroids program\asteroids\game.cpp(71): warning C4018: '<': signed/unsigned mismatch
c:\users\ben\google drive\cs 165\asteroids\asteroids program\asteroids\game.cpp(100): warning C4018: '<': signed/unsigned mismatch
c:\users\ben\google drive\cs 165\asteroids\asteroids program\asteroids\game.cpp(109): warning C4018: '<': signed/unsigned mismatch
c:\users\ben\google drive\cs 165\asteroids\asteroids program\asteroids\game.cpp(156): warning C4244: 'argument': conversion from 'double' to 'float', possible loss of data
c:\users\ben\google drive\cs 165\asteroids\asteroids program\asteroids\game.cpp(168): warning C4018: '<': signed/unsigned mismatch
c:\users\ben\google drive\cs 165\asteroids\asteroids program\asteroids\game.cpp(181): warning C4018: '<': signed/unsigned mismatch
c:\users\ben\google drive\cs 165\asteroids\asteroids program\asteroids\game.cpp(196): warning C4244: 'argument': conversion from 'double' to 'float', possible loss of data
c:\users\ben\google drive\cs 165\asteroids\asteroids program\asteroids\game.cpp(197): warning C4244: 'argument': conversion from 'double' to 'float', possible loss of data
c:\users\ben\google drive\cs 165\asteroids\asteroids program\asteroids\game.cpp(201): warning C4244: 'argument': conversion from 'int' to 'float', possible loss of data
c:\users\ben\google drive\cs 165\asteroids\asteroids program\asteroids\game.cpp(202): warning C4244: 'argument': conversion from 'int' to 'float', possible loss of data
  driver.cpp
c:\users\ben\google drive\cs 165\asteroids\asteroids program\asteroids\rocks.h(24): warning C4244: 'argument': conversion from 'int' to 'float', possible loss of data
c:\users\ben\google drive\cs 165\asteroids\asteroids program\asteroids\rocks.h(25): warning C4244: 'argument': conversion from 'int' to 'float', possible loss of data
c:\users\ben\google drive\cs 165\asteroids\asteroids program\asteroids\rocks.h(60): warning C4244: 'argument': conversion from 'double' to 'int', possible loss of data
c:\users\ben\google drive\cs 165\asteroids\asteroids program\asteroids\rocks.h(77): warning C4244: 'argument': conversion from 'double' to 'int', possible loss of data
c:\users\ben\google drive\cs 165\asteroids\asteroids program\asteroids\rocks.h(93): warning C4244: 'argument': conversion from 'double' to 'int', possible loss of data
c:\users\ben\google drive\cs 165\asteroids\asteroids program\asteroids\ship.h(33): warning C4244: 'argument': conversion from 'double' to 'float', possible loss of data
c:\users\ben\google drive\cs 165\asteroids\asteroids program\asteroids\ship.h(34): warning C4244: 'argument': conversion from 'double' to 'float', possible loss of data
c:\users\ben\google drive\cs 165\asteroids\asteroids program\asteroids\ship.h(79): warning C4244: 'argument': conversion from 'double' to 'int', possible loss of data
  Generating Code...
  Skipping... (no relevant changes detected)
  rocks.cpp
  Asteroids.vcxproj -> C:\Users\Ben\Google Drive\CS 165\Asteroids\Asteroids Program\Asteroids\Debug\Asteroids.exe
  Asteroids.vcxproj -> C:\Users\Ben\Google Drive\CS 165\Asteroids\Asteroids Program\Asteroids\Debug\Asteroids.pdb (Partial PDB)
